<?xml version="1.0" encoding="UTF-8"?>
<coverage generated="1720057930148" clover="3.2.0">
  <project timestamp="1720057930148" name="All files">
    <metrics statements="46" coveredstatements="46" conditionals="11" coveredconditionals="11" methods="3" coveredmethods="3" elements="60" coveredelements="60" complexity="0" loc="46" ncloc="46" packages="2" files="2" classes="2"/>
    <package name="controllers.signup">
      <metrics statements="43" coveredstatements="43" conditionals="11" coveredconditionals="11" methods="3" coveredmethods="3"/>
      <file name="signup.ts" path="/home/matheus/estudos/clean-node-api/src/presentation/controllers/signup/signup.ts">
        <metrics statements="43" coveredstatements="43" conditionals="11" coveredconditionals="11" methods="3" coveredmethods="3"/>
        <line num="1" count="1" type="stmt"/>
        <line num="2" count="1" type="stmt"/>
        <line num="3" count="1" type="stmt"/>
        <line num="4" count="1" type="stmt"/>
        <line num="5" count="11" type="cond" truecount="1" falsecount="0"/>
        <line num="6" count="11" type="stmt"/>
        <line num="7" count="11" type="stmt"/>
        <line num="8" count="11" type="stmt"/>
        <line num="9" count="11" type="cond" truecount="1" falsecount="0"/>
        <line num="10" count="11" type="stmt"/>
        <line num="11" count="11" type="stmt"/>
        <line num="12" count="11" type="stmt"/>
        <line num="13" count="11" type="stmt"/>
        <line num="14" count="11" type="cond" truecount="1" falsecount="0"/>
        <line num="15" count="11" type="stmt"/>
        <line num="16" count="11" type="stmt"/>
        <line num="17" count="11" type="cond" truecount="1" falsecount="0"/>
        <line num="18" count="38" type="cond" truecount="1" falsecount="0"/>
        <line num="19" count="4" type="stmt"/>
        <line num="20" count="4" type="stmt"/>
        <line num="21" count="38" type="stmt"/>
        <line num="22" count="7" type="cond" truecount="1" falsecount="0"/>
        <line num="23" count="11" type="cond" truecount="1" falsecount="0"/>
        <line num="24" count="1" type="stmt"/>
        <line num="25" count="1" type="stmt"/>
        <line num="26" count="6" type="cond" truecount="1" falsecount="0"/>
        <line num="27" count="11" type="cond" truecount="1" falsecount="0"/>
        <line num="28" count="1" type="stmt"/>
        <line num="29" count="1" type="stmt"/>
        <line num="30" count="4" type="cond" truecount="1" falsecount="0"/>
        <line num="31" count="4" type="stmt"/>
        <line num="32" count="4" type="stmt"/>
        <line num="33" count="4" type="stmt"/>
        <line num="34" count="4" type="stmt"/>
        <line num="35" count="4" type="stmt"/>
        <line num="36" count="4" type="stmt"/>
        <line num="37" count="4" type="stmt"/>
        <line num="38" count="4" type="stmt"/>
        <line num="39" count="11" type="cond" truecount="1" falsecount="0"/>
        <line num="40" count="2" type="stmt"/>
        <line num="41" count="2" type="stmt"/>
        <line num="42" count="11" type="stmt"/>
        <line num="43" count="11" type="stmt"/>
      </file>
    </package>
    <package name="errors">
      <metrics statements="3" coveredstatements="3" conditionals="0" coveredconditionals="0" methods="0" coveredmethods="0"/>
      <file name="index.ts" path="/home/matheus/estudos/clean-node-api/src/presentation/errors/index.ts">
        <metrics statements="3" coveredstatements="3" conditionals="0" coveredconditionals="0" methods="0" coveredmethods="0"/>
        <line num="1" count="1" type="stmt"/>
        <line num="2" count="1" type="stmt"/>
        <line num="3" count="1" type="stmt"/>
      </file>
    </package>
  </project>
</coverage>
