{"/home/matheus/estudos/clean-node-api/src/presentation/controllers/signup.ts": {"path":"/home/matheus/estudos/clean-node-api/src/presentation/controllers/signup.ts","all":false,"statementMap":{"0":{"start":{"line":1,"column":0},"end":{"line":1,"column":65}},"1":{"start":{"line":2,"column":0},"end":{"line":2,"column":66}},"2":{"start":{"line":3,"column":0},"end":{"line":3,"column":104}},"3":{"start":{"line":4,"column":0},"end":{"line":4,"column":0}},"4":{"start":{"line":5,"column":0},"end":{"line":5,"column":53}},"5":{"start":{"line":6,"column":0},"end":{"line":6,"column":49}},"6":{"start":{"line":7,"column":0},"end":{"line":7,"column":0}},"7":{"start":{"line":8,"column":0},"end":{"line":8,"column":48}},"8":{"start":{"line":9,"column":0},"end":{"line":9,"column":40}},"9":{"start":{"line":10,"column":0},"end":{"line":10,"column":3}},"10":{"start":{"line":11,"column":0},"end":{"line":11,"column":0}},"11":{"start":{"line":12,"column":0},"end":{"line":12,"column":51}},"12":{"start":{"line":13,"column":0},"end":{"line":13,"column":9}},"13":{"start":{"line":14,"column":0},"end":{"line":14,"column":81}},"14":{"start":{"line":15,"column":0},"end":{"line":15,"column":42}},"15":{"start":{"line":16,"column":0},"end":{"line":16,"column":39}},"16":{"start":{"line":17,"column":0},"end":{"line":17,"column":58}},"17":{"start":{"line":18,"column":0},"end":{"line":18,"column":9}},"18":{"start":{"line":19,"column":0},"end":{"line":19,"column":7}},"19":{"start":{"line":20,"column":0},"end":{"line":20,"column":78}},"20":{"start":{"line":21,"column":0},"end":{"line":21,"column":46}},"21":{"start":{"line":22,"column":0},"end":{"line":22,"column":73}},"22":{"start":{"line":23,"column":0},"end":{"line":23,"column":7}},"23":{"start":{"line":24,"column":0},"end":{"line":24,"column":66}},"24":{"start":{"line":25,"column":0},"end":{"line":25,"column":21}},"25":{"start":{"line":26,"column":0},"end":{"line":26,"column":58}},"26":{"start":{"line":27,"column":0},"end":{"line":27,"column":7}},"27":{"start":{"line":28,"column":0},"end":{"line":28,"column":14}},"28":{"start":{"line":29,"column":0},"end":{"line":29,"column":24}},"29":{"start":{"line":30,"column":0},"end":{"line":30,"column":23}},"30":{"start":{"line":31,"column":0},"end":{"line":31,"column":7}},"31":{"start":{"line":32,"column":0},"end":{"line":32,"column":21}},"32":{"start":{"line":33,"column":0},"end":{"line":33,"column":26}},"33":{"start":{"line":34,"column":0},"end":{"line":34,"column":5}},"34":{"start":{"line":35,"column":0},"end":{"line":35,"column":3}},"35":{"start":{"line":36,"column":0},"end":{"line":36,"column":1}}},"s":{"0":1,"1":1,"2":1,"3":1,"4":8,"5":8,"6":8,"7":8,"8":8,"9":8,"10":8,"11":8,"12":8,"13":8,"14":8,"15":26,"16":4,"17":4,"18":26,"19":4,"20":8,"21":1,"22":1,"23":3,"24":8,"25":1,"26":1,"27":1,"28":1,"29":1,"30":1,"31":1,"32":1,"33":1,"34":8,"35":8},"branchMap":{"0":{"type":"branch","line":5,"loc":{"start":{"line":5,"column":0},"end":{"line":36,"column":1}},"locations":[{"start":{"line":5,"column":0},"end":{"line":36,"column":1}}]},"1":{"type":"branch","line":8,"loc":{"start":{"line":8,"column":2},"end":{"line":10,"column":3}},"locations":[{"start":{"line":8,"column":2},"end":{"line":10,"column":3}}]},"2":{"type":"branch","line":12,"loc":{"start":{"line":12,"column":2},"end":{"line":35,"column":3}},"locations":[{"start":{"line":12,"column":2},"end":{"line":35,"column":3}}]},"3":{"type":"branch","line":15,"loc":{"start":{"line":15,"column":41},"end":{"line":19,"column":7}},"locations":[{"start":{"line":15,"column":41},"end":{"line":19,"column":7}}]},"4":{"type":"branch","line":16,"loc":{"start":{"line":16,"column":38},"end":{"line":18,"column":9}},"locations":[{"start":{"line":16,"column":38},"end":{"line":18,"column":9}}]},"5":{"type":"branch","line":20,"loc":{"start":{"line":20,"column":-1},"end":{"line":21,"column":45}},"locations":[{"start":{"line":20,"column":-1},"end":{"line":21,"column":45}}]},"6":{"type":"branch","line":21,"loc":{"start":{"line":21,"column":45},"end":{"line":23,"column":7}},"locations":[{"start":{"line":21,"column":45},"end":{"line":23,"column":7}}]},"7":{"type":"branch","line":24,"loc":{"start":{"line":24,"column":-1},"end":{"line":25,"column":20}},"locations":[{"start":{"line":24,"column":-1},"end":{"line":25,"column":20}}]},"8":{"type":"branch","line":25,"loc":{"start":{"line":25,"column":20},"end":{"line":34,"column":5}},"locations":[{"start":{"line":25,"column":20},"end":{"line":34,"column":5}}]}},"b":{"0":[8],"1":[8],"2":[8],"3":[26],"4":[4],"5":[4],"6":[1],"7":[3],"8":[1]},"fnMap":{"0":{"name":"<instance_members_initializer>","decl":{"start":{"line":5,"column":0},"end":{"line":36,"column":1}},"loc":{"start":{"line":5,"column":0},"end":{"line":36,"column":1}},"line":5},"1":{"name":"SingUpController","decl":{"start":{"line":8,"column":2},"end":{"line":10,"column":3}},"loc":{"start":{"line":8,"column":2},"end":{"line":10,"column":3}},"line":8},"2":{"name":"handle","decl":{"start":{"line":12,"column":2},"end":{"line":35,"column":3}},"loc":{"start":{"line":12,"column":2},"end":{"line":35,"column":3}},"line":12}},"f":{"0":8,"1":8,"2":8}}
}
