TN:
SF:src/presentation/controllers/signup.ts
FN:8,<instance_members_initializer>
FN:11,SingUpController
FN:15,handle
FNF:3
FNH:3
FNDA:5,<instance_members_initializer>
FNDA:5,SingUpController
FNDA:5,handle
DA:1,1
DA:2,1
DA:3,1
DA:4,1
DA:5,1
DA:6,1
DA:7,1
DA:8,5
DA:9,5
DA:10,5
DA:11,5
DA:12,5
DA:13,5
DA:14,5
DA:15,5
DA:16,5
DA:17,5
DA:18,14
DA:19,4
DA:20,4
DA:21,14
DA:22,1
DA:23,1
DA:24,1
DA:25,1
DA:26,0
DA:27,0
DA:28,0
DA:29,0
DA:30,0
DA:31,5
LF:31
LH:26
BRDA:8,0,0,5
BRDA:11,1,0,5
BRDA:15,2,0,5
BRDA:17,3,0,14
BRDA:18,4,0,4
BRDA:22,5,0,1
BRDA:26,6,0,0
BRF:7
BRH:6
end_of_record
TN:
SF:src/presentation/errors/invalid-params-error.ts
FN:2,InvalidParamsError
FNF:1
FNH:1
FNDA:2,InvalidParamsError
DA:1,1
DA:2,1
DA:3,2
DA:4,2
DA:5,2
DA:6,1
LF:6
LH:6
BRDA:2,0,0,2
BRF:1
BRH:1
end_of_record
TN:
SF:src/presentation/errors/missing-params-error.ts
FN:2,MissingParamsError
FNF:1
FNH:1
FNDA:8,MissingParamsError
DA:1,1
DA:2,1
DA:3,8
DA:4,8
DA:5,8
DA:6,1
LF:6
LH:6
BRDA:2,0,0,8
BRF:1
BRH:1
end_of_record
TN:
SF:src/presentation/protocols/email-validator.ts
FN:1,(empty-report)
FNF:1
FNH:0
FNDA:0,(empty-report)
DA:1,0
DA:2,0
DA:3,0
LF:3
LH:0
BRDA:1,0,0,0
BRF:1
BRH:0
end_of_record
